[0m12:27:28.613708 [debug] [MainThread]: Sending event: {'category': 'dbt', 'action': 'invocation', 'label': 'start', 'context': [<snowplow_tracker.self_describing_json.SelfDescribingJson object at 0x000002284D82CA50>, <snowplow_tracker.self_describing_json.SelfDescribingJson object at 0x000002284D82D0D0>, <snowplow_tracker.self_describing_json.SelfDescribingJson object at 0x000002284D82CC90>]}


============================== 12:27:28.623820 | d50a73d8-eb97-4bde-9edc-12477716d333 ==============================
[0m12:27:28.623820 [info ] [MainThread]: Running with dbt=1.7.10
[0m12:27:28.623820 [debug] [MainThread]: running dbt with arguments {'printer_width': '80', 'indirect_selection': 'eager', 'log_cache_events': 'False', 'write_json': 'True', 'partial_parse': 'True', 'cache_selected_only': 'False', 'profiles_dir': 'C:\\Users\\Jayesh.Tarvatkar\\.dbt', 'fail_fast': 'False', 'warn_error': 'None', 'log_path': 'logs', 'debug': 'False', 'version_check': 'True', 'use_colors': 'True', 'use_experimental_parser': 'False', 'no_print': 'None', 'quiet': 'False', 'log_format': 'default', 'static_parser': 'True', 'introspect': 'True', 'invocation_command': 'dbt init', 'target_path': 'None', 'warn_error_options': 'WarnErrorOptions(include=[], exclude=[])', 'send_anonymous_usage_stats': 'True'}
[0m12:28:23.813602 [debug] [MainThread]: Starter project path: C:\Users\Jayesh.Tarvatkar\AppData\Local\Programs\Python\Python311\Lib\site-packages\dbt\include\starter_project
[0m12:28:23.882283 [info ] [MainThread]: 
Your new dbt project "mydbtproject" was created!

For more information on how to configure the profiles.yml file,
please consult the dbt documentation here:

  https://docs.getdbt.com/docs/configure-your-profile

One more thing:

Need help? Don't hesitate to reach out to us via GitHub issues or on Slack:

  https://community.getdbt.com/

Happy modeling!

[0m12:28:23.885844 [info ] [MainThread]: Setting up your profile.
[0m12:29:48.888273 [info ] [MainThread]: Profile mydbtproject written to C:\Users\Jayesh.Tarvatkar\.dbt\profiles.yml using target's profile_template.yml and your supplied values. Run 'dbt debug' to validate the connection.
[0m12:29:48.888273 [debug] [MainThread]: Command `dbt init` succeeded at 12:29:48.888273 after 140.31 seconds
[0m12:29:48.888273 [debug] [MainThread]: Sending event: {'category': 'dbt', 'action': 'invocation', 'label': 'end', 'context': [<snowplow_tracker.self_describing_json.SelfDescribingJson object at 0x000002284D837990>, <snowplow_tracker.self_describing_json.SelfDescribingJson object at 0x0000022846B8EE50>, <snowplow_tracker.self_describing_json.SelfDescribingJson object at 0x0000022846DA0AD0>]}
[0m12:29:48.895285 [debug] [MainThread]: Flushing usage events
[0m12:31:24.073248 [debug] [MainThread]: Sending event: {'category': 'dbt', 'action': 'invocation', 'label': 'start', 'context': [<snowplow_tracker.self_describing_json.SelfDescribingJson object at 0x000002517DC70150>, <snowplow_tracker.self_describing_json.SelfDescribingJson object at 0x000002517A8B2810>, <snowplow_tracker.self_describing_json.SelfDescribingJson object at 0x000002517C938DD0>]}


============================== 12:31:24.082411 | 5fbce18e-d43c-4212-8879-ebee9c059b56 ==============================
[0m12:31:24.082411 [info ] [MainThread]: Running with dbt=1.7.10
[0m12:31:24.084935 [debug] [MainThread]: running dbt with arguments {'printer_width': '80', 'indirect_selection': 'eager', 'write_json': 'True', 'log_cache_events': 'False', 'partial_parse': 'True', 'cache_selected_only': 'False', 'warn_error': 'None', 'debug': 'False', 'version_check': 'True', 'log_path': 'logs', 'fail_fast': 'False', 'profiles_dir': 'C:\\Users\\Jayesh.Tarvatkar\\.dbt', 'use_colors': 'True', 'use_experimental_parser': 'False', 'no_print': 'None', 'quiet': 'False', 'log_format': 'default', 'invocation_command': 'dbt debug', 'warn_error_options': 'WarnErrorOptions(include=[], exclude=[])', 'static_parser': 'True', 'target_path': 'None', 'introspect': 'True', 'send_anonymous_usage_stats': 'True'}
[0m12:31:24.084935 [info ] [MainThread]: dbt version: 1.7.10
[0m12:31:24.084935 [info ] [MainThread]: python version: 3.11.8
[0m12:31:24.084935 [info ] [MainThread]: python path: C:\Users\Jayesh.Tarvatkar\AppData\Local\Programs\Python\Python311\python.exe
[0m12:31:24.084935 [info ] [MainThread]: os info: Windows-10-10.0.19045-SP0
[0m12:31:24.218370 [info ] [MainThread]: Using profiles dir at C:\Users\Jayesh.Tarvatkar\.dbt
[0m12:31:24.218370 [info ] [MainThread]: Using profiles.yml file at C:\Users\Jayesh.Tarvatkar\.dbt\profiles.yml
[0m12:31:24.218370 [info ] [MainThread]: Using dbt_project.yml file at D:\dbt_project\dbt_project.yml
[0m12:31:24.222460 [info ] [MainThread]: adapter type: postgres
[0m12:31:24.224510 [info ] [MainThread]: adapter version: 1.7.10
[0m12:31:24.224510 [info ] [MainThread]: Configuration:
[0m12:31:24.224510 [info ] [MainThread]:   profiles.yml file [[32mOK found and valid[0m]
[0m12:31:24.227538 [info ] [MainThread]:   dbt_project.yml file [[31mERROR not found[0m]
[0m12:31:24.227538 [info ] [MainThread]: Required dependencies:
[0m12:31:24.229100 [debug] [MainThread]: Executing "git --help"
[0m12:31:24.285525 [debug] [MainThread]: STDOUT: "b"usage: git [-v | --version] [-h | --help] [-C <path>] [-c <name>=<value>]\n           [--exec-path[=<path>]] [--html-path] [--man-path] [--info-path]\n           [-p | --paginate | -P | --no-pager] [--no-replace-objects] [--bare]\n           [--git-dir=<path>] [--work-tree=<path>] [--namespace=<name>]\n           [--config-env=<name>=<envvar>] <command> [<args>]\n\nThese are common Git commands used in various situations:\n\nstart a working area (see also: git help tutorial)\n   clone     Clone a repository into a new directory\n   init      Create an empty Git repository or reinitialize an existing one\n\nwork on the current change (see also: git help everyday)\n   add       Add file contents to the index\n   mv        Move or rename a file, a directory, or a symlink\n   restore   Restore working tree files\n   rm        Remove files from the working tree and from the index\n\nexamine the history and state (see also: git help revisions)\n   bisect    Use binary search to find the commit that introduced a bug\n   diff      Show changes between commits, commit and working tree, etc\n   grep      Print lines matching a pattern\n   log       Show commit logs\n   show      Show various types of objects\n   status    Show the working tree status\n\ngrow, mark and tweak your common history\n   branch    List, create, or delete branches\n   commit    Record changes to the repository\n   merge     Join two or more development histories together\n   rebase    Reapply commits on top of another base tip\n   reset     Reset current HEAD to the specified state\n   switch    Switch branches\n   tag       Create, list, delete or verify a tag object signed with GPG\n\ncollaborate (see also: git help workflows)\n   fetch     Download objects and refs from another repository\n   pull      Fetch from and integrate with another repository or a local branch\n   push      Update remote refs along with associated objects\n\n'git help -a' and 'git help -g' list available subcommands and some\nconcept guides. See 'git help <command>' or 'git help <concept>'\nto read about a specific subcommand or concept.\nSee 'git help git' for an overview of the system.\n""
[0m12:31:24.285525 [debug] [MainThread]: STDERR: "b''"
[0m12:31:24.293574 [info ] [MainThread]:  - git [[32mOK found[0m]

[0m12:31:24.293574 [info ] [MainThread]: Connection:
[0m12:31:24.293574 [info ] [MainThread]:   host: localhost
[0m12:31:24.301628 [info ] [MainThread]:   port: 5432
[0m12:31:24.301628 [info ] [MainThread]:   user: postgres
[0m12:31:24.303670 [info ] [MainThread]:   database: bootcamp
[0m12:31:24.303670 [info ] [MainThread]:   schema: public
[0m12:31:24.305711 [info ] [MainThread]:   connect_timeout: 10
[0m12:31:24.305711 [info ] [MainThread]:   role: None
[0m12:31:24.305711 [info ] [MainThread]:   search_path: None
[0m12:31:24.305711 [info ] [MainThread]:   keepalives_idle: 0
[0m12:31:24.305711 [info ] [MainThread]:   sslmode: None
[0m12:31:24.305711 [info ] [MainThread]:   sslcert: None
[0m12:31:24.311238 [info ] [MainThread]:   sslkey: None
[0m12:31:24.311238 [info ] [MainThread]:   sslrootcert: None
[0m12:31:24.311238 [info ] [MainThread]:   application_name: dbt
[0m12:31:24.313789 [info ] [MainThread]:   retries: 1
[0m12:31:24.313789 [info ] [MainThread]: Registered adapter: postgres=1.7.10
[0m12:31:24.315814 [debug] [MainThread]: Acquiring new postgres connection 'debug'
[0m12:31:24.315814 [debug] [MainThread]: Using postgres connection "debug"
[0m12:31:24.318891 [debug] [MainThread]: On debug: select 1 as id
[0m12:31:24.318891 [debug] [MainThread]: Opening a new connection, currently in state init
[0m12:31:24.830076 [debug] [MainThread]: SQL status: SELECT 1 in 1.0 seconds
[0m12:31:24.830076 [debug] [MainThread]: On debug: Close
[0m12:31:24.830076 [info ] [MainThread]:   Connection test: [[32mOK connection ok[0m]

[0m12:31:24.830076 [info ] [MainThread]: [31m1 check failed:[0m
[0m12:31:24.838235 [info ] [MainThread]: Project loading failed for the following reason:
 project path <D:\dbt_project\dbt_project.yml> not found

[0m12:31:24.842320 [debug] [MainThread]: Command `dbt debug` failed at 12:31:24.842320 after 0.84 seconds
[0m12:31:24.842320 [debug] [MainThread]: Connection 'debug' was properly closed.
[0m12:31:24.842320 [debug] [MainThread]: Sending event: {'category': 'dbt', 'action': 'invocation', 'label': 'end', 'context': [<snowplow_tracker.self_describing_json.SelfDescribingJson object at 0x000002517DD7DED0>, <snowplow_tracker.self_describing_json.SelfDescribingJson object at 0x000002517DD7F250>, <snowplow_tracker.self_describing_json.SelfDescribingJson object at 0x00000251772D0510>]}
[0m12:31:24.842320 [debug] [MainThread]: Flushing usage events
[0m13:15:58.786682 [debug] [MainThread]: Sending event: {'category': 'dbt', 'action': 'invocation', 'label': 'start', 'context': [<snowplow_tracker.self_describing_json.SelfDescribingJson object at 0x0000024763C10110>, <snowplow_tracker.self_describing_json.SelfDescribingJson object at 0x0000024763BF6590>, <snowplow_tracker.self_describing_json.SelfDescribingJson object at 0x0000024763BF7350>]}


============================== 13:15:58.809700 | 79afe019-6f79-4ffc-adf4-d0f751416a34 ==============================
[0m13:15:58.809700 [info ] [MainThread]: Running with dbt=1.7.10
[0m13:15:58.809700 [debug] [MainThread]: running dbt with arguments {'printer_width': '80', 'indirect_selection': 'eager', 'log_cache_events': 'False', 'write_json': 'True', 'partial_parse': 'True', 'cache_selected_only': 'False', 'profiles_dir': 'C:\\Users\\Jayesh.Tarvatkar\\.dbt', 'fail_fast': 'False', 'debug': 'False', 'log_path': 'logs', 'version_check': 'True', 'warn_error': 'None', 'use_colors': 'True', 'use_experimental_parser': 'False', 'no_print': 'None', 'quiet': 'False', 'warn_error_options': 'WarnErrorOptions(include=[], exclude=[])', 'invocation_command': 'dbt run', 'introspect': 'True', 'log_format': 'default', 'target_path': 'None', 'static_parser': 'True', 'send_anonymous_usage_stats': 'True'}
[0m13:15:58.809700 [error] [MainThread]: Encountered an error:
Runtime Error
  No dbt_project.yml found at expected path D:\dbt_project\dbt_project.yml
  Verify that each entry within packages.yml (and their transitive dependencies) contains a file named dbt_project.yml
  
[0m13:15:58.809700 [debug] [MainThread]: Command `dbt run` failed at 13:15:58.809700 after 0.08 seconds
[0m13:15:58.809700 [debug] [MainThread]: Sending event: {'category': 'dbt', 'action': 'invocation', 'label': 'end', 'context': [<snowplow_tracker.self_describing_json.SelfDescribingJson object at 0x0000024763C4A390>, <snowplow_tracker.self_describing_json.SelfDescribingJson object at 0x0000024763863150>, <snowplow_tracker.self_describing_json.SelfDescribingJson object at 0x0000024763C45B90>]}
[0m13:15:58.809700 [debug] [MainThread]: Flushing usage events
